Label, Count, Average
Wf_ViewIMArchiveToAnyPage_On_Receive_Tab, 10, 37098
Asset_GotoNewEquityInstrumentPage, 10, 380
Agmt_SaveTabCollateral, 10, 1949
CD_Click_DynamicFilter_On_Dashboard_Tab_HTML, 10, 1
Agmt_GotoExposureStatementPage, 20, 624
Org_SaveOrgGlobalPreference_HTML, 10, 1
Sys_SavePrivilegesOfTab_Reform, 10, 1781
Opt_AddRankingAgmtFilter, 10, 347
Wf_SearchIMByDefault, 10, 7561
Wf_GotoInternalReviewPage, 10, 235
EM_Click_Delivery_Under_MarginFilters_Ajax_getCountForDefaultFilters, 10, 8504
Org_SaveOrgGlobalPreference_Ajax_getOrgSearchPageString, 10, 203
Org_SaveOrgMainDetails_Ajax_GetMainOrgDetail, 10, 178
EM_Click_Delivery_Under_MarginFilters_Ajax_showActionBtnByFilter, 20, 192
EM_Click_Completed_Under_MarginFilters_Ajax_showActionBtn, 10, 375
EM_Click_Confirmed_Under_SubstitutionFilters_Ajax_getColumnSetting, 10, 299
Wf_ApproveTickedOrgOnApprovalsManager, 2, 1422
Sys_SavePrivilegesOfTab_SelfService, 10, 1429
EM_GotoAnyPageOfRecallUnderMarginFilters_Ajax_showActionBtn, 30, 314
EM_GotoAnyPageOfRecallUnderMarginFilters_HTML, 20, 1
Org_ApproveOrg_Ajax_GetMainOrgDetail, 10, 219
Wf_SearchSecurityMovement, 10, 2070
EM_Click_Delivery_Under_MarginFilters_Ajax_showActionBtn, 10, 388
Sys_SavePrivilegesOfTab_SystemAdmin, 10, 2074
TradeSearch_ViewTradeToAnyPage, 10, 516
EM_Click_Return_Under_MarginFilters_MAIN, 10, 16593
CD_Click_DynamicFilter_On_Agreement_Tab_MAIN, 10, 403
EM_GotoAnyPageOf_Confirmed_Under_SubstitutionFilters, 10, 814
Agmt_SaveEligibilityRuleOnCollateralTab, 10, 10259
Org_SaveOrgMainDetails_MAIN, 10, 1628
EM_Click_Issued_Under_SubsitituionFilters_Ajax_getColumnSetting, 10, 398
Opt_AddOptimisationRule, 10, 230
Opt_AddFilterAgmtRule, 10, 445
Collateral_Config_SavePreferences, 10, 3440
CD_Click_DynamicFilter_On_Agreement_Tab_Ajax_SearchByAJAX, 10, 15926
Org_getOrgSearchPageString_Ajax, 10, 200
Wf_ViewInternalReviewToAnyPage_On_DELIVERIESANDRETURNS_Tab, 10, 7825
Org_AddOrg_MAIN, 10, 325
EM_Click_DeliveryReturn_Under_MarginFilters_Ajax_getColumnSetting, 10, 214
Wf_ApproveTickedSSIOnApprovalsManager, 1, 481
Agmt_SaveTabCallSchedule, 10, 366
Agmt_SearchPrinOnPrinSearchFrame, 10, 1816
CD_Click_DynamicFilter_On_Agreement_Tab_Ajax_getCountForFilters_dashboard, 10, 6108
EM_Click_Waived_Under_MarginFilters_Ajax_showActionBtn, 10, 347
EM_Click_Recall_Under_MarginFilters_Ajax_showActionBtn, 10, 381
CD_Click_DynamicFilter_On_Dashboard_Tab_AjaxCall, 10, 367
Sys_GotoEditUserRolesPage, 10, 399
StDt_GotoEligRuleTemplateEditPage_HTML, 20, 1
EM_Click_Confirmed_Under_MarginFilters_Ajax_showActionBtnByFilter, 20, 195
Agmt_ApproveStatementStatus, 20, 294
EM_Click_Completed_Under_MarginFilters_MAIN, 10, 29078
Wf_SearchSettlementStatus, 10, 3404
Org_GotoOrgExternalCodesEditPage, 10, 302
WS_RunMtMFeedWebService, 10, 45771
EM_Click_Confirmed_Under_MarginFilters_HTML, 10, 1
Org_SaveOrgExternalCodes_HTML, 10, 1
EM_Click_PartiallyBooked_Under_SubsititutionFilter_Ajax_getColumnSetting, 10, 266
EM_GotoAnyPageOf_Waived_UnderMarginFilters, 10, 13091
EM_Click_Disputes_Under_MarginFilters_MAIN, 10, 27224
Wf_SearchWorkflowOnApprovalsManager, 1, 59887
EM_GotoEMPage_Ajax, 10, 20830
Org_SaveOrgAdditionalFields_MAIN, 10, 319
Wf_SearchEligRuleOnApprovalsManager, 1, 497
EM_Click_Waived_Under_SubsititutionFilter_Ajax_getColumnSetting, 10, 267
Org_GotoOrgGlobalPreferencePage_MAIN, 10, 233
Wf_GotoApprovalsManagerOrgTab, 2, 842
EM_Click_Waived_Under_MarginFilters_HTML, 10, 1
EM_GotoAnyPageOf_SubConfirmation_Under_SubstitutionFilters, 10, 6438
TradeSearch_GotoTradeSearchPage, 10, 330
Sys_SaveSystemPreferences, 10, 1
EM_GotoAnyPageOf_DynamicFilter_Under_AllFilters_HTML, 10, 1
EM_GotoAnyPageOfReturnUnderMarginFilters_MAIN, 10, 37709
EM_GotoAnyPageOfReturnUnderMarginFilters_Ajax_showActionBtn, 20, 281
EM_Click_Issued_Under_SubsitituionFilters_Ajax_showActionBtnByFilter, 20, 215
Org_SaveOrgCreditDetails_Ajax, 10, 233
EM_Click_Disputes_Under_MarginFilters_Ajax_showActionBtnByFilter, 20, 184
EM_Click_Errors_Under_MarginFilters_Ajax_showActionBtnByFilter, 20, 184
Org_SaveOrgRoles_HTML, 10, 1
EM_Click_Confirmed_Under_SubstitutionFilters_Ajax_getCountForDefaultFilters, 10, 1593
StDt_AddNotNetEligRuleTemplate_Ajax_isUsedInAgreement, 10, 520
EM_Click_Recall_Under_MarginFilters_Ajax_getColumnSetting, 10, 208
Wf_ViewSettlementStatusToAnyAssetClass, 10, 631
EM_Click_Call_Under_MarginFilters_Ajax_getCountForDefaultFilters, 10, 10815
Sys_SavePrivilegesOfTab_Report, 10, 1560
Collateral_Config_GotoLetterConfigPage, 10, 424
EM_Click_Delivery_Under_MarginFilters_Ajax_getColumnSetting, 10, 390
EM_Click_SubConfimation_Under_SubsititutionFilter_Ajax_getCountForDefaultFilters, 10, 1986
EM_Click_Call_Under_MarginFilters_Ajax_showActionBtnByFilter, 20, 194
Wf_ApproveAllSystemDraftOnSettlementStatus, 10, 2998
EM_Click_CallRecall_Under_MarginFilters_HTML, 10, 1
EM_Click_NoCalls_Under_MarginFilters_Ajax_getColumnSetting, 10, 414
Agmt_GotoEligibilityRulePageOnCollateralTab, 10, 544
Agmt_SearchStatementArchive, 10, 24337
Sys_GotoAllPrivilegesPage, 10, 365
EM_GotoAnyPageOfReturnUnderMarginFilters, 10, 24122
Org_AddSubOrgToOrg_HTML, 10, 1
Wf_ViewInternalReviewOnDELIVERIESANDRETURNS_Tab, 10, 1979
Opt_GetOptRules, 10, 320
Collateral_Config_GotoPreferencesPage, 10, 4877
EM_Click_DynamicFilter_Under_MarginFilters_MAIN, 10, 64790
EM_GotoAnyPageOf_Completed_UnderMarginFilters, 10, 27078
Agmt_RecalcStatement, 10, 739
EM_GotoAnyPageOf_Call_Under_MarginFilters_MAIN, 10, 30268
StDt_GotoCashflowRulePage, 10, 245
Agmt_GotoOrgSearchFramePage, 20, 410
Org_SaveOrgAdditionalFields_Ajax, 10, 263
EM_GotoAnyPageOf_DeliveryReturn_UnderMarginFilters, 10, 20067
StDt_AddNotNetEligRuleTemplate_MAIN, 10, 209
Wf_GotoIMSearchPage, 10, 2600
Opt_RunOptimisationRule, 10, 398
EM_GotoEMPage_MAIN, 10, 546
EM_Click_Confirmed_Under_SubstitutionFilters_HTML, 10, 1
Org_SaveOrgCreditDetails_HTML, 10, 1
CD_Click_DynamicFilter_On_Agreement_Tab_Ajax_getCountForFilters_agreement, 10, 16731
Asset_GotoNewBondInstrumentPage, 10, 545
Collateral_Config_ApplyLetterConfigToAnyTab, 10, 364
EM_Click_Recall_Under_MarginFilters_HTML, 10, 1
Sys_ViewSystemPreferencesToAnyTab, 10, 437
EM_Click_Completed_Under_SubstitutionFilters_Ajax_showActionBtn, 10, 201
EM_Click_Issued_Under_SubsitituionFilters_HTML, 10, 1
Wf_ApproveAllWorkflowOnApprovalsManager, 1, 350
EM_Click_Completed_Under_SubstitutionFilters_Ajax_getColumnSetting, 10, 268
EM_Click_Completed_Under_MarginFilters_Ajax_getColumnSetting, 10, 386
EM_GotoAnyPageOf_Waived_Under_SubstitutionFilters, 20, 948
Agmt_GotoSetupPage, 10, 414
Wf_ApproveAllAgmtOnApprovalsManager, 1, 305719
Agmt_SaveTabAdditionalFields, 10, 1243
EM_Click_DynamicFilter_Under_AllFilters_HTML, 10, 1
EM_GotoAnyPageOf_DynamicFilter_Under_AllFilters_Ajax_showActionBtn, 20, 275
Wf_SearchSSIOnApprovalsManager, 1, 44047
EM_Click_PartiallyBooked_Under_SubsititutionFilter_Ajax_showActionBtnByFilter, 20, 181
EM_Click_Waived_Under_MarginFilters_Ajax_getColumnSetting, 10, 208
Org_GotoAddOrgPage_Ajax, 10, 372
Wf_SearchAgmtOnApprovalsManager, 2, 6501
Org_ApproveOrg_MAIN, 10, 438
Org_SaveOrgGlobalPreference_Ajax_Org_GetMainOrgDetail, 10, 238
StDt_AddNetEligRuleTemplate_Ajax_MAIN, 10, 212
EM_Click_SubConfimation_Under_SubsititutionFilter_Ajax_showActionBtnByFilter, 20, 208
StDt_AddMemberToInterestRate, 10, 392
EM_Click_Errors_Under_MarginFilters_MAIN, 10, 6395
CD_Click_DynamicFilter_On_Dashboard_Tab_SearchByAJAX, 10, 14291
Asset_ApproveInstrument, 20, 526
CD_GotoClearingDashboardPage_Ajax_getColumnSetting, 10, 367
EM_Click_Waived_Under_MarginFilters_Ajax_getCountForDefaultFilters, 10, 8039
EM_Click_DeliveryReturn_Under_MarginFilters_Ajax_showActionBtn, 10, 389
EM_Click_CallRecall_Under_MarginFilters_Ajax_showActionBtn, 10, 365
Sys_GotoServerLogPage, 10, 275
EM_Click_DeliveryReturn_Under_MarginFilters_MAIN, 10, 9570
EM_Click_SubConfimation_Under_SubsititutionFilter_HTML, 10, 1
Sys_AddNewUser, 10, 718
Asset_GotoSecuritySearchPage, 10, 329
WS_RunDeltaFeedWebService, 10, 40256
EM_Click_Recall_Under_MarginFilters_Ajax_showActionBtnByFilter, 20, 193
Sys_SavePrivilegesOfTab_Reconciliation, 10, 1250
Org_GotoOrgGlobalPreferencePage_Ajax_getOrgSearchPageString, 10, 196
CD_GotoClearingDashboardPage_Ajax_getCountForFilters_trade, 10, 4440
EM_GotoAnyPageOf_Call_Under_MarginFilters_Ajax_showActionBtn, 10, 371
EM_GotoAnyPageOf_DynamicFilter_Under_MarginFilters, 10, 26534
Agmt_GotoEMPageForCurrentAgmt, 10, 1135
Sys_GotoEventLogSearchPage, 10, 372
EM_Click_PartiallyBooked_Under_SubsititutionFilter_MAIN, 10, 557
EM_Click_Disputes_Under_MarginFilters_Ajax_showActionBtn, 10, 355
EM_GotoAnyPageOf_NoCalls_UnderMarginFilters_HTML, 10, 1
Collateral_Config_ViewLetterConfigToAnyTab, 10, 449
CD_Click_DynamicFilter_On_Trade_Tab_HTML, 10, 1
EM_Click_DynamicFilter_Under_MarginFilters_Ajax_showActionBtnByFilter, 20, 190
EM_Click_Call_Under_MarginFilters_HTML, 10, 1
Wf_SearchIMArchiveByMonthRange, 10, 92966
EM_Click_NoCalls_Under_MarginFilters_HTML, 10, 1
MkDt_GotoFXRatePage, 2, 3473
StDt_ApproveEligRuleTemplate, 20, 21401
Agmt_DownloadAgmtToPDF, 20, 599
Wf_ApproveAllEligRuleOnApprovalsManager, 1, 320
Opt_GetFilterAssetRulesId, 10, 206
Agmt_GotoPrinSearchFramePage, 10, 412
Wf_SearchInternalReviewByDefaultFilter, 10, 18153
Agmt_SearchAgmt, 10, 1710
EM_Click_Waived_Under_MarginFilters_Ajax_showActionBtnByFilter, 20, 184
Org_GotoAddOrgPage_MAIN, 10, 339
EM_Click_Completed_Under_SubstitutionFilters_MAIN, 10, 2871
Asset_SaveEquityNewInstrument, 10, 1809
Agmt_GotoAgreementReviewPage, 10, 968
EM_Click_Issued_Under_MarginFilters_HTML, 10, 1
Agmt_SaveTabPartyCounterparty, 10, 931
EM_GotoAnyPageOf_SubRequest_Under_SubtitutionFilters, 10, 7837
Sys_SearchEventLog, 10, 548
Org_GotoOrgAddAddressPage_HTML, 20, 1
EM_GotoAnyPageOf_Disputes_UnderMarginFilters_HTML, 10, 1
EM_Click_Delivery_Under_MarginFilters_HTML, 10, 1
EM_GotoAnyPageOfIssuedUnderMarginFilters, 10, 10767
EM_Click_SubRequest_Under_SubsititutionFilter_MAIN, 10, 10136
EM_Click_CallRecall_Under_MarginFilters_Ajax_getCountForDefaultFilters, 10, 9010
EM_Click_Waived_Under_SubsititutionFilter_MAIN, 10, 976
EM_Click_Completed_Under_SubstitutionFilters_Ajax_showActionBtnByFilter, 20, 182
Wf_ApproveAllPendingOnSettlementStatus, 10, 10300
EM_GotoAnyPageOf_NoCalls_UnderMarginFilters_Ajax_showActionBtnByFilter, 10, 189
EM_Click_Completed_Under_MarginFilters_Ajax_getCountForDefaultFilters, 10, 7964
Org_AddOrg_AJAX, 10, 214
EM_Click_Completed_Under_SubstitutionFilters_Ajax_getCountForDefaultFilters, 10, 1557
EM_Click_Recall_Under_MarginFilters_Ajax_getCountForDefaultFilters, 10, 10168
Wf_ApproveAllSecurityDataOnApprovalsManager, 1, 9336
Wf_GetResultInMSExcelForInterestArchiveReport, 10, 409
Asset_ViewSecurityToAnyPage, 10, 202739
EM_Click_DynamicFilter_Under_AllFilters_Ajax_showActionBtnByFilter, 20, 182
Wf_ApproveAllSSIOnApprovalsManager, 1, 331
Wf_ApproveTickedStatementOnApprovalsManager, 1, 17097
Agmt_TickAssetTypeOnCollateralTab, 30, 2288
Org_SaveOrgGlobalPreference_MAIN, 10, 287
Agmt_SearchTrade, 10, 64897
EM_Click_Completed_Under_MarginFilters_Ajax_showActionBtnByFilter, 20, 188
Sys_ApproveAllUser, 10, 239
Sys_GotoSystemPreferencesPage, 10, 245
SaveUserProfile, 10, 3830
Wf_ApproveAllOrgOnApprovalsManager, 2, 478
Sys_GotoHolidayCentrePage, 10, 527
StDt_SearchEligRuleTemplate, 20, 241
Org_GetOrgSearchPageString_Ajax, 20, 200
EM_GotoAnyPageOfRecallUnderMarginFilters_MAIN, 20, 14677
EM_Click_Waived_Under_SubsititutionFilter_Ajax_getCountForDefaultFilters, 10, 1475
Wf_SelectViewDetailForIMArchiveEvent, 10, 2699
EM_Click_DynamicFilter_Under_MarginFilters_Ajax_getCountForDefaultFilters, 10, 7926
CD_Click_DynamicFilter_On_Agreement_Tab_HTML, 10, 1
Agmt_ApproveAgreementStatus, 20, 5014
EM_Click_Confirmed_Under_SubstitutionFilters_Ajax_showActionBtn, 10, 287
EM_Click_Issued_Under_MarginFilters_Ajax_getColumnSetting, 10, 215
Org_SaveOrgMainDetails_HTML, 10, 1
Agmt_SaveHaircutRuleOnCollateralTab, 10, 10354
Agmt_SearchOrgOnPrinSearchFrame, 20, 284
Agmt_GotoHaircutRulePage, 10, 764
EM_Click_SubConfimation_Under_SubsititutionFilter_Ajax_showActionBtn, 10, 264
EM_Click_Return_Under_MarginFilters_Ajax_getCountForDefaultFilters, 10, 8487
CD_GotoAnyPageof_Dynamic_on_Trade_Tab, 10, 8660
EM_Click_Errors_Under_MarginFilters_Ajax_showActionBtn, 10, 412
EM_Click_Return_Under_MarginFilters_HTML, 10, 1
EM_Click_Call_Under_MarginFilters_Ajax_showActionBtn, 10, 372
Org_AddSubOrgToOrg_Ajax, 10, 276
Asset_SearchSecurity, 10, 212522
Wf_ApproveTickedAgmtOnApprovalsManager, 2, 6151
StDt_GotoEligRuleTemplateEditPage_MAIN, 20, 329
Org_GotoOrgAddAddressPage_Ajax, 20, 238
Org_AddOrg_HTML, 10, 1
Asset_SearchSecurityByMarket, 20, 387
EM_Click_Confirmed_Under_SubstitutionFilters_Ajax_showActionBtnByFilter, 20, 185
Org_GotoOrgGlobalPreferencePage_Ajax_GetMainOrgDetail, 10, 229
EM_Click_CallRecall_Under_MarginFilters_Ajax_showActionBtnByFilter, 20, 189
CD_GotoClearingDashboardPage_Ajax_getPicChartData, 10, 10459
Home_Logout, 1, 459
EM_Click_CallRecall_Under_MarginFilters_Ajax_getColumnSetting, 10, 210
Home_Login, 2, 637
EM_Click_DynamicFilter_Under_MarginFilters_Ajax_getColumnSetting, 10, 381
Org_SaveOrgRoles_MAIN, 10, 270
CD_GotoClearingDashboardPage_HTML, 10, 1
CD_Click_DynamicFilter_On_Trade_Tab_Ajax_getCountForFilters_dashboard, 10, 5798
CD_Click_DynamicFilter_On_Trade_Tab_Ajax_SearchByAJAX, 10, 15009
StDt_GototEligRuleViewChangePage, 20, 314
Org_GotoOrgGlobalPreferencePage_HTML, 10, 1
EM_Click_Errors_Under_MarginFilters_Ajax_getCountForDefaultFilters, 10, 7929
EM_Click_Completed_Under_MarginFilters_HTML, 10, 1
Sys_SavePrivileges_for_instrumentdata, 10, 1987
EM_Click_Confirmed_Under_MarginFilters_Ajax_showActionBtn, 10, 391
EM_Click_Disputes_Under_MarginFilters_HTML, 10, 1
StDt_AddNetEligRuleTemplate_Ajax_isUsedInAgreement, 10, 604
CD_Click_DynamicFilter_On_Agreement_Tab_Ajax_getCountForFilters_trade, 20, 2075
Org_SaveOrgAdditionalFields_HTML, 10, 1
Agmt_SaveTabFixedTrigger, 10, 648
Org_ApproveOrg_HTML, 10, 1
Collateral_Config_GotoCreateLetterTemplatePage, 10, 514
Sys_SaveRolesToUser, 10, 1993
EM_Click_Return_Under_MarginFilters_Ajax_showActionBtn, 10, 684
EM_GotoAnyPageOfReturnUnderMarginFilters_HTML, 10, 1
Agmt_SaveTabDocumentation, 10, 591
Agmt_SaveTabReportingControl, 10, 439
Org_showOrg, 10, 518
EM_Click_PartiallyBooked_Under_SubsititutionFilter_Ajax_showActionBtn, 10, 250
EM_Click_Disputes_Under_MarginFilters_Ajax_getColumnSetting, 10, 390
EM_Click_DeliveryReturn_Under_MarginFilters_Ajax_getCountForDefaultFilters, 10, 8113
EM_GotoAnyPageOf_Errors_UnderMarginFilters, 10, 6133
Collateral_Config_SaveLetterTemplate, 10, 1253
Opt_AddRankingAssetFilter, 10, 386
EM_Click_CallRecall_Under_MarginFilters_MAIN, 10, 13289
EM_GotoAnyPageOf_DynamicFilter_Under_AllFilters_MAIN, 10, 39742
EM_Click_Waived_Under_MarginFilters_MAIN, 10, 29651
EM_Click_DynamicFilter_Under_AllFilters_Ajax_getColumnSetting, 10, 517
Wf_GotoApprovalsManagerPage, 2, 633
StDt_SaveCashflowRule, 10, 483
EM_Click_SubRequest_Under_SubsititutionFilter_Ajax_showActionBtn, 10, 284
Wf_GotoSecurityMovementPage, 10, 431
CD_GotoClearingDashboardPage_Ajax_SearchByAJAX, 10, 20064
StDt_GotoEligRuleTemplateEditPage_Ajax, 20, 341
StDt_GotoEligRuleTemplatePage, 20, 303
Sys_AddHolidayToHolidayCentre, 10, 335
Wf_SearchOrgOnApprovalsManager, 2, 1756
EM_Click_DeliveryReturn_Under_MarginFilters_Ajax_showActionBtnByFilter, 20, 196
CD_Click_DynamicFilter_On_Trade_Tab_Ajax_getCountForFilters_agreement, 10, 12956
EM_GotoAnyPageOf_Call_Under_MarginFilters_Ajax_showActionBtnByFilter, 10, 187
EM_Click_DynamicFilter_Under_AllFilters_Ajax_getCountForDefaultFilters, 10, 2344
EM_Click_NoCalls_Under_MarginFilters_Ajax_showActionBtnByFilter, 20, 186
Wf_GotoIMArchiveSearchPage, 10, 2673
EM_Click_Disputes_Under_MarginFilters_Ajax_getCountForDefaultFilters, 10, 7883
EM_Click_Confirmed_Under_MarginFilters_MAIN, 10, 7494
Collateral_Config_ViewPreferencesToAnyTab, 10, 1440
Agmt_DownloadAgmtToExcel, 10, 648
CD_GotoClearingDashboardPage_Ajax_getCountForFilters_dashboard, 10, 7815
EM_Click_Issued_Under_SubsitituionFilters_MAIN, 10, 2598
EM_Click_SubRequest_Under_SubsititutionFilter_Ajax_showActionBtnByFilter, 20, 187
Org_ApproveOrg_Ajax_getOrgSearchPageString, 10, 225
Wf_SearchStatementOnApprovalsManager, 1, 68522
EM_Click_DynamicFilter_Under_MarginFilters_HTML, 10, 1
Org_SaveOrgCreditDetails_MAIN, 10, 586
EM_Click_Confirmed_Under_SubstitutionFilters_MAIN, 10, 787
EM_Click_Issued_Under_MarginFilters_Ajax_showActionBtnByFilter, 20, 192
EM_Click_SubRequest_Under_SubsititutionFilter_Ajax_getCountForDefaultFilters, 10, 2141
Asset_GotoExistsInstrumentEditPage, 20, 570
Org_AddSubOrgToOrg_MAIN, 10, 411
EM_Click_Waived_Under_SubsititutionFilter_Ajax_showActionBtnByFilter, 20, 199
Sys_SavePrivilegesOfTab_Collateral, 10, 3718
EM_Click_DynamicFilter_Under_MarginFilters_Ajax_showActionBtn, 10, 374
Home_GotoHomePage, 2, 436
StDt_AddNetEligRuleTemplate_HTML, 10, 1
EM_GotoEMPage_HTML, 10, 1
Sys_GotoAllRolesForUserPage, 10, 470
Sys_SavePrivilegesOfTab_StaticData, 10, 1473
EM_GotoAnyPageOf_Disputes_UnderMarginFilters_Ajax_showActionBtn, 10, 359
EM_Click_SubRequest_Under_SubsititutionFilter_Ajax_getColumnSetting, 10, 378
Sys_ViewPrivilegesToTab_Collateral, 10, 633
EM_Click_Recall_Under_MarginFilters_MAIN, 10, 22777
StDt_AddNetEligRuleTemplate_Ajax_DoSave, 10, 314
Org_SaveOrgRoles_Ajax, 10, 182
EM_GotoAnyPageOf_Call_Under_MarginFilters_HTML, 10, 1
StDt_AddNotNetEligRuleTemplate_HTML, 10, 1
CD_Click_DynamicFilter_On_Trade_Tab_Ajax_getCountForFilters_trade, 20, 2398
EM_Click_Issued_Under_MarginFilters_Ajax_showActionBtn, 10, 378
Agmt_TickAssetClassOnCollateralTab, 10, 2173
Wf_ApproveAllStatementOnApprovalsManager, 1, 232677
Wf_ViewIMArchiveOnReceiveTab, 10, 64869
EM_Click_Return_Under_MarginFilters_Ajax_showActionBtnByFilter, 20, 205
Org_SaveOrgRoles_Ajax_getOrgSearchPageString, 10, 195
EM_Click_Confirmed_Under_MarginFilters_Ajax_getCountForDefaultFilters, 10, 8105
EM_Click_NoCalls_Under_MarginFilters_Ajax_showActionBtn, 10, 360
Sys_GotoUserRoleApprovalPage, 10, 406
Sys_ApproveAllRole, 10, 1142
Opt_GetFilterAgmtRulesId, 10, 189
EM_Click_DynamicFilter_Under_AllFilters_Ajax_showActionBtn, 10, 366
EM_Click_Issued_Under_SubsitituionFilters_Ajax_showActionBtn, 10, 308
StDt_GotoCashflowRuleEditPage, 10, 254
Org_GotoOrgCreditDetailsEditPage, 10, 521
Home_GotoLoginPage, 2, 597
EM_Click_Errors_Under_MarginFilters_HTML, 10, 1
Agmt_SaveTabSettlement, 10, 357
EM_Click_DynamicFilter_Under_AllFilters_MAIN, 10, 61174
Wf_GotoSettlementStatusPage, 10, 426
EM_Click_Waived_Under_SubsititutionFilter_Ajax_showActionBtn, 10, 276
EM_GotoAnyPageOfRecallUnderMarginFilters_Ajax_showActionBtnByFilter, 10, 194
EM_Click_Call_Under_MarginFilters_Ajax_getColumnSetting, 10, 426
CD_GotoClearingDashboardPage_MAIN, 10, 303
Sys_GotoCreateNewUsePage, 10, 424
Org_SaveOrgExternalCodes_MAIN, 10, 472
Opt_AddFilterAssetRule, 10, 373
Agmt_ViewAgmtToAnyPage, 10, 1727
Sys_SavePrivilegesOfTab_Optimisation, 10, 1588
Sys_SavePrivilegesOfTab_MarketData, 10, 1645
EM_Click_PartiallyBooked_Under_SubsititutionFilter_Ajax_getCountForDefaultFilters, 10, 1460
Opt_GetRankingAssetRulesId, 10, 189
EM_Click_DeliveryReturn_Under_MarginFilters_HTML, 10, 1
CD_Click_DynamicFilter_On_Trade_Tab_MAIN, 10, 413
EM_GotoAnyPageOf_Completed_Under_SubstitutionFilters, 10, 2760
Wf_ApproveTickedSecurityDataOnApprovalsManager, 1, 591
EM_GotoAnyPageOf_NoCalls_UnderMarginFilters_Ajax_showActionBtn, 10, 372
StDt_SearchCashflowRuleByName, 10, 263
StDt_AddNotNetEligRuleTemplate_Ajax_doSave, 10, 343
EM_Click_PartiallyBooked_Under_SubsititutionFilter_HTML, 10, 1
EM_Click_Issued_Under_SubsitituionFilters_Ajax_getCountForDefaultFilters, 10, 1739
EM_Click_NoCalls_Under_MarginFilters_Ajax_getCountForDefaultFilters, 10, 8099
EM_Click_Confirmed_Under_MarginFilters_Ajax_getColumnSetting, 10, 403
SearchRoleOnUserRoleApprovalPage, 10, 318
Wf_ApproveTickedEligRuleOnApprovalsManager, 1, 415
EM_GotoAnyPageOf_NoCalls_UnderMarginFilters_MAIN, 10, 41764
Agmt_GotoAgmtStatementPage, 10, 2888
Asset_SaveBondNewInstrument, 10, 4111
Sys_ViewEventLogToAnyPage, 10, 549
Sys_AddHolidayCentre, 10, 229
Wf_ViewSettlementStatusToAnyAssetType, 10, 253
StDt_UpdateInterestRate, 10, 1228
EM_GotoAnyPageOf_Confirmed_UnderMarginFilters, 10, 8041
Sys_SavePrivilegesOfTab_Organisation, 10, 1387
Opt_GetRankingAgmtRulesId, 10, 232
EM_GotoAnyPageOf_Disputes_UnderMarginFilters_Ajax_showActionBtnByFilter, 10, 184
Wf_SearchSecurityDataOnApprovalsManager, 1, 2968
EM_Click_Issued_Under_MarginFilters_MAIN, 10, 40679
WS_RunStaticDataFeedWebService, 10, 3275
EM_Click_Call_Under_MarginFilters_MAIN, 10, 22797
EM_Click_SubRequest_Under_SubsititutionFilter_HTML, 10, 1
Agmt_GotoStatementArchiveSearchPage, 10, 405
EM_Click_SubConfimation_Under_SubsititutionFilter_Ajax_getColumnSetting, 10, 390
EM_Click_Waived_Under_SubsititutionFilter_HTML, 10, 1
StDt_GotoInterestRatePage, 20, 400
Org_SaveOrgExternalCodes_Ajax, 10, 200
Org_GotoAddOrgPage_HTML, 10, 1
EM_Click_Delivery_Under_MarginFilters_MAIN, 10, 19536
Org_OrgSearch, 10, 448
MkDt_SaveFXRateByStandard, 2, 6727
EM_GotoAnyPageOf_Issued_Under_SubstitutionFilters, 10, 2852
Agmt_SaveTabProducts, 10, 640
EM_Click_Return_Under_MarginFilters_Ajax_getColumnSetting, 10, 396
EM_Click_NoCalls_Under_MarginFilters_MAIN, 10, 52144
Wf_ApproveTickedWorkflowOnApprovalsManager, 1, 499
EM_Click_Issued_Under_MarginFilters_Ajax_getCountForDefaultFilters, 10, 9009
EM_Click_Completed_Under_SubstitutionFilters_HTML, 10, 1
EM_Click_Errors_Under_MarginFilters_Ajax_getColumnSetting, 10, 205
Org_GotoOrgAddAddressPage_MAIN, 20, 229
EM_GotoAnyPageOf_Disputes_UnderMarginFilters_MAIN, 10, 24929
EM_Click_SubConfimation_Under_SubsititutionFilter_MAIN, 10, 11031
